生成启动时间为 2022/5/4 21:11:09。
     1>项目“D:\Projects\ruangong4\ruangong4\ruangong4.vcxproj”在节点 2 上(build 个目标)。
     1>PrepareForBuild:
         正在创建目录“D:\Projects\ruangong4\Debug\”。
       InitializeBuildStatus:
         正在创建“Debug\ruangong4.unsuccessfulbuild”，因为已指定“AlwaysCreate”。
       ClCompile:
         D:\vs2010\VC\bin\CL.exe /c /ZI /nologo /W3 /WX- /Od /Oy- /D WIN32 /D _DEBUG /D _CONSOLE /D _UNICODE /D UNICODE /Gm /EHsc /RTC1 /MDd /GS /fp:precise /Zc:wchar_t /Zc:forScope /Fo"Debug\\" /Fd"Debug\vc100.pdb" /Gd /TP /analyze- /errorReport:prompt homework4.cpp
         homework4.cpp
     1>d:\projects\ruangong4\ruangong4\homework4.cpp(78): warning C4996: 'scanf': This function or variable may be unsafe. Consider using scanf_s instead. To disable deprecation, use _CRT_SECURE_NO_WARNINGS. See online help for details.
                 d:\vs2010\vc\include\stdio.h(304) : 参见“scanf”的声明
     1>d:\projects\ruangong4\ruangong4\homework4.cpp(84): warning C4996: 'scanf': This function or variable may be unsafe. Consider using scanf_s instead. To disable deprecation, use _CRT_SECURE_NO_WARNINGS. See online help for details.
                 d:\vs2010\vc\include\stdio.h(304) : 参见“scanf”的声明
     1>d:\projects\ruangong4\ruangong4\homework4.cpp(86): warning C4996: 'scanf': This function or variable may be unsafe. Consider using scanf_s instead. To disable deprecation, use _CRT_SECURE_NO_WARNINGS. See online help for details.
                 d:\vs2010\vc\include\stdio.h(304) : 参见“scanf”的声明
     1>d:\projects\ruangong4\ruangong4\homework4.cpp(88): warning C4996: 'scanf': This function or variable may be unsafe. Consider using scanf_s instead. To disable deprecation, use _CRT_SECURE_NO_WARNINGS. See online help for details.
                 d:\vs2010\vc\include\stdio.h(304) : 参见“scanf”的声明
       ManifestResourceCompile:
         C:\Program Files (x86)\Microsoft SDKs\Windows\v7.0A\bin\rc.exe /nologo /fo"Debug\ruangong4.exe.embed.manifest.res" Debug\ruangong4_manifest.rc 
       Link:
         D:\vs2010\VC\bin\link.exe /ERRORREPORT:PROMPT /OUT:"D:\Projects\ruangong4\Debug\ruangong4.exe" /INCREMENTAL /NOLOGO kernel32.lib user32.lib gdi32.lib winspool.lib comdlg32.lib advapi32.lib shell32.lib ole32.lib oleaut32.lib uuid.lib odbc32.lib odbccp32.lib /MANIFEST /ManifestFile:"Debug\ruangong4.exe.intermediate.manifest" /MANIFESTUAC:"level='asInvoker' uiAccess='false'" /DEBUG /PDB:"D:\Projects\ruangong4\Debug\ruangong4.pdb" /SUBSYSTEM:CONSOLE /TLBID:1 /DYNAMICBASE /NXCOMPAT /IMPLIB:"D:\Projects\ruangong4\Debug\ruangong4.lib" /MACHINE:X86 Debug\ruangong4.exe.embed.manifest.res
         Debug\homework4.obj
       Manifest:
         C:\Program Files (x86)\Microsoft SDKs\Windows\v7.0A\bin\mt.exe /nologo /verbose /out:"Debug\ruangong4.exe.embed.manifest" /manifest Debug\ruangong4.exe.intermediate.manifest
         C:\Program Files (x86)\Microsoft SDKs\Windows\v7.0A\bin\rc.exe /nologo /fo"Debug\ruangong4.exe.embed.manifest.res" Debug\ruangong4_manifest.rc 
       LinkEmbedManifest:
         D:\vs2010\VC\bin\link.exe /ERRORREPORT:PROMPT /OUT:"D:\Projects\ruangong4\Debug\ruangong4.exe" /INCREMENTAL /NOLOGO kernel32.lib user32.lib gdi32.lib winspool.lib comdlg32.lib advapi32.lib shell32.lib ole32.lib oleaut32.lib uuid.lib odbc32.lib odbccp32.lib /MANIFEST /ManifestFile:"Debug\ruangong4.exe.intermediate.manifest" /MANIFESTUAC:"level='asInvoker' uiAccess='false'" /DEBUG /PDB:"D:\Projects\ruangong4\Debug\ruangong4.pdb" /SUBSYSTEM:CONSOLE /TLBID:1 /DYNAMICBASE /NXCOMPAT /IMPLIB:"D:\Projects\ruangong4\Debug\ruangong4.lib" /MACHINE:X86 Debug\ruangong4.exe.embed.manifest.res
         Debug\homework4.obj
         ruangong4.vcxproj -> D:\Projects\ruangong4\Debug\ruangong4.exe
       FinalizeBuildStatus:
         正在删除文件“Debug\ruangong4.unsuccessfulbuild”。
         正在对“Debug\ruangong4.lastbuildstate”执行 Touch 任务。
     1>已完成生成项目“D:\Projects\ruangong4\ruangong4\ruangong4.vcxproj”(build 个目标)的操作。

生成成功。

已用时间 00:00:10.98
